<?xml version="1.0" encoding="UTF-8"?>
<!-- Generated by org.testng.reporters.JUnitReportReporter -->
<testsuite hostname="Adils-MacBook-Air.local" name="capitalone.tests.commercialMenuTest" tests="3" failures="0" timestamp="12 Jul 2019 23:32:32 GMT" time="107.161" errors="0">
  <testcase name="CBS" time="32.901" classname="capitalone.tests.commercialMenuTest"/>
  <testcase name="IE" time="34.533" classname="capitalone.tests.commercialMenuTest"/>
  <testcase name="IandR" time="39.727" classname="capitalone.tests.commercialMenuTest"/>
</testsuite> <!-- capitalone.tests.commercialMenuTest -->
