<?xml version="1.0" encoding="UTF-8"?>
<!-- Generated by org.testng.reporters.JUnitReportReporter -->
<testsuite hostname="DESKTOP-SNP8M5T" name="capitalone.tests.authentication" tests="1" failures="0" timestamp="14 Jul 2019 23:02:13 GMT" time="24.310" errors="0">
  <testcase name="login" time="24.310" classname="capitalone.tests.authentication"/>
</testsuite> <!-- capitalone.tests.authentication -->
